<?xml version="1.0" encoding="UTF-8"?>
<testng-results ignored="0" total="4" passed="4" failed="0" skipped="0">
  <reporter-output>
  </reporter-output>
  <suite started-at="2022-06-07T19:31:19 COT" name="Surefire suite" finished-at="2022-06-07T19:31:19 COT" duration-ms="656">
    <groups>
    </groups>
    <test started-at="2022-06-07T19:31:19 COT" name="Surefire test" finished-at="2022-06-07T19:31:19 COT" duration-ms="656">
      <class name="test.com.dh.clinica.OdontologoServiceTest">
        <test-method signature="agregarOdontologo()" started-at="2022-06-07T19:31:19 COT" name="agregarOdontologo" finished-at="2022-06-07T19:31:19 COT" duration-ms="25" status="PASS">
          <reporter-output>
          </reporter-output>
        </test-method> <!-- agregarOdontologo -->
      </class> <!-- test.com.dh.clinica.OdontologoServiceTest -->
      <class name="test.com.dh.clinica.PacienteServiceTest">
        <test-method signature="eliminarPacienteTest()" started-at="2022-06-07T19:31:19 COT" name="eliminarPacienteTest" finished-at="2022-06-07T19:31:19 COT" duration-ms="380" status="PASS">
          <reporter-output>
          </reporter-output>
        </test-method> <!-- eliminarPacienteTest -->
        <test-method signature="traerTodos()" started-at="2022-06-07T19:31:19 COT" name="traerTodos" finished-at="2022-06-07T19:31:19 COT" duration-ms="542" status="PASS">
          <reporter-output>
          </reporter-output>
        </test-method> <!-- traerTodos -->
        <test-method signature="agregarYBuscarPacienteTest()" started-at="2022-06-07T19:31:19 COT" name="agregarYBuscarPacienteTest" finished-at="2022-06-07T19:31:19 COT" duration-ms="554" status="PASS">
          <reporter-output>
          </reporter-output>
        </test-method> <!-- agregarYBuscarPacienteTest -->
      </class> <!-- test.com.dh.clinica.PacienteServiceTest -->
    </test> <!-- Surefire test -->
  </suite> <!-- Surefire suite -->
</testng-results>
