<?xml version="1.0" encoding="UTF-8"?>
<testsuite xmlns:xsi="http://www.w3.org/2001/XMLSchema-instance" xsi:noNamespaceSchemaLocation="https://maven.apache.org/surefire/maven-surefire-plugin/xsd/surefire-test-report.xsd" name="TestSuite" time="0.961" tests="4" errors="0" skipped="0" failures="0">
  <properties>
[...]
</properties>
  <testcase name="eliminarPacienteTest on eliminarPacienteTest(test.com.dh.clinica.PacienteServiceTest)" classname="test.com.dh.clinica.PacienteServiceTest" time="0.058"/>
  <testcase name="traerTodos on traerTodos(test.com.dh.clinica.PacienteServiceTest)" classname="test.com.dh.clinica.PacienteServiceTest" time="0.14"/>
  <testcase name="agregarYBuscarPacienteTest on agregarYBuscarPacienteTest(test.com.dh.clinica.PacienteServiceTest)" classname="test.com.dh.clinica.PacienteServiceTest" time="0"/>
  <testcase name="agregarOdontologo on agregarOdontologo(test.com.dh.clinica.OdontologoServiceTest)" classname="test.com.dh.clinica.OdontologoServiceTest" time="0.025"/>
</testsuite>