<?xml version="1.0" encoding="UTF-8"?>
<!-- Generated by org.testng.reporters.JUnitXMLReporter -->
<testsuite ignored="0" hostname="javier-GA-970A-UD3" failures="0" tests="4" name="Surefire test" time="0.656" errors="0" timestamp="2022-06-07T19:31:19 COT">
  <testcase classname="test.com.dh.clinica.PacienteServiceTest" name="eliminarPacienteTest on eliminarPacienteTest(test.com.dh.clinica.PacienteServiceTest)" time="0.38"/>
  <testcase classname="test.com.dh.clinica.PacienteServiceTest" name="traerTodos on traerTodos(test.com.dh.clinica.PacienteServiceTest)" time="0.542"/>
  <testcase classname="test.com.dh.clinica.PacienteServiceTest" name="agregarYBuscarPacienteTest on agregarYBuscarPacienteTest(test.com.dh.clinica.PacienteServiceTest)" time="0.554"/>
  <testcase classname="test.com.dh.clinica.OdontologoServiceTest" name="agregarOdontologo on agregarOdontologo(test.com.dh.clinica.OdontologoServiceTest)" time="0.025"/>
</testsuite> <!-- Surefire test -->
